<?xml version="1.0" encoding="UTF-8"?>
<!-- Generated by org.testng.reporters.JUnitXMLReporter -->
<testsuite hostname="Pratik" ignored="2" name="Default test" tests="1" failures="0" timestamp="2023-07-22T03:46:02 EDT" time="16.299" errors="0">
  <testcase name="signUpPage" time="2.93" classname="testcases.HomePageTest"/>
  <testcase name="openCRMInsurance" time="0.0" classname="testcases.HomePageTest">
    <ignored/>
  </testcase> <!-- openCRMInsurance -->
  <testcase name="openLoginPage" time="0.0" classname="testcases.HomePageTest">
    <ignored/>
  </testcase> <!-- openLoginPage -->
</testsuite> <!-- Default test -->
