<?xml version="1.0" encoding="UTF-8"?>
<!-- Generated by org.testng.reporters.JUnitXMLReporter -->
<testsuite hostname="Pratik" ignored="0" name="Test" tests="5" failures="0" timestamp="2023-05-02T18:30:07 EDT" time="79.427" errors="0">
  <testcase name="signUpPage" time="4.533" classname="testcases.HomePageTest"/>
  <testcase name="openCRMInsurance" time="1.567" classname="testcases.HomePageTest"/>
  <testcase name="openLoginPage" time="2.95" classname="testcases.HomePageTest"/>
  <testcase name="signIn" time="0.588" classname="testcases.LoginPageTest"/>
  <testcase name="forgotPassword" time="1.076" classname="testcases.LoginPageTest"/>
</testsuite> <!-- Test -->
