<?xml version="1.0" encoding="UTF-8"?>
<!-- Generated by org.testng.reporters.JUnitXMLReporter -->
<testsuite ignored="0" hostname="Pratik" failures="0" tests="3" name="Test" time="56.616" errors="0" timestamp="03 May 2023 10:11:09 GMT">
  <testcase classname="testcases.HomePageTest" name="signUpPage" time="5.373"/>
  <testcase classname="testcases.HomePageTest" name="openCRMInsurance" time="1.341"/>
  <testcase classname="testcases.HomePageTest" name="openLoginPage" time="3.991"/>
</testsuite> <!-- Test -->
