<?xml version="1.0" encoding="UTF-8"?>
<testng-results ignored="0" total="3" passed="3" failed="0" skipped="0">
  <reporter-output>
  </reporter-output>
  <suite started-at="2023-05-03T10:10:13Z" name="Suite" finished-at="2023-05-03T10:11:09Z" duration-ms="56616">
    <groups>
    </groups>
    <test started-at="2023-05-03T10:10:13Z" name="Test" finished-at="2023-05-03T10:11:09Z" duration-ms="56616">
      <class name="testcases.HomePageTest">
        <test-method is-config="true" signature="beforeMethod()[pri:0, instance:testcases.HomePageTest@614ca7df]" started-at="2023-05-03T10:10:13Z" name="beforeMethod" finished-at="2023-05-03T10:10:26Z" duration-ms="13104" status="PASS">
          <reporter-output>
          </reporter-output>
        </test-method> <!-- beforeMethod -->
        <test-method signature="signUpPage()[pri:1, instance:testcases.HomePageTest@614ca7df]" started-at="2023-05-03T10:10:26Z" name="signUpPage" finished-at="2023-05-03T10:10:31Z" duration-ms="5373" status="PASS">
          <reporter-output>
          </reporter-output>
        </test-method> <!-- signUpPage -->
        <test-method is-config="true" signature="afterMethod()[pri:0, instance:testcases.HomePageTest@614ca7df]" started-at="2023-05-03T10:10:31Z" name="afterMethod" finished-at="2023-05-03T10:10:36Z" duration-ms="5114" status="PASS">
          <reporter-output>
          </reporter-output>
        </test-method> <!-- afterMethod -->
        <test-method is-config="true" signature="beforeMethod()[pri:0, instance:testcases.HomePageTest@614ca7df]" started-at="2023-05-03T10:10:36Z" name="beforeMethod" finished-at="2023-05-03T10:10:46Z" duration-ms="9960" status="PASS">
          <reporter-output>
          </reporter-output>
        </test-method> <!-- beforeMethod -->
        <test-method signature="openCRMInsurance()[pri:2, instance:testcases.HomePageTest@614ca7df]" started-at="2023-05-03T10:10:46Z" name="openCRMInsurance" finished-at="2023-05-03T10:10:48Z" duration-ms="1341" status="PASS">
          <reporter-output>
          </reporter-output>
        </test-method> <!-- openCRMInsurance -->
        <test-method is-config="true" signature="afterMethod()[pri:0, instance:testcases.HomePageTest@614ca7df]" started-at="2023-05-03T10:10:48Z" name="afterMethod" finished-at="2023-05-03T10:10:51Z" duration-ms="2818" status="PASS">
          <reporter-output>
          </reporter-output>
        </test-method> <!-- afterMethod -->
        <test-method is-config="true" signature="beforeMethod()[pri:0, instance:testcases.HomePageTest@614ca7df]" started-at="2023-05-03T10:10:51Z" name="beforeMethod" finished-at="2023-05-03T10:11:03Z" duration-ms="12251" status="PASS">
          <reporter-output>
          </reporter-output>
        </test-method> <!-- beforeMethod -->
        <test-method signature="openLoginPage()[pri:3, instance:testcases.HomePageTest@614ca7df]" started-at="2023-05-03T10:11:03Z" name="openLoginPage" finished-at="2023-05-03T10:11:07Z" duration-ms="3991" status="PASS">
          <reporter-output>
          </reporter-output>
        </test-method> <!-- openLoginPage -->
        <test-method is-config="true" signature="afterMethod()[pri:0, instance:testcases.HomePageTest@614ca7df]" started-at="2023-05-03T10:11:07Z" name="afterMethod" finished-at="2023-05-03T10:11:09Z" duration-ms="2636" status="PASS">
          <reporter-output>
          </reporter-output>
        </test-method> <!-- afterMethod -->
      </class> <!-- testcases.HomePageTest -->
    </test> <!-- Test -->
  </suite> <!-- Suite -->
</testng-results>
