<?xml version="1.0" encoding="UTF-8"?>
<testsuite xmlns:xsi="http://www.w3.org/2001/XMLSchema-instance" xsi:schemaLocation="https://maven.apache.org/surefire/maven-surefire-plugin/xsd/surefire-test-report.xsd" name="TestSuite" time="58.69" tests="3" errors="0" skipped="0" failures="0">
  <properties>
[...]
</properties>
  <testcase name="signUpPage" classname="testcases.HomePageTest" time="5.372"/>
  <testcase name="openCRMInsurance" classname="testcases.HomePageTest" time="1.34"/>
  <testcase name="openLoginPage" classname="testcases.HomePageTest" time="3.991"/>
</testsuite>