<?xml version="1.0" encoding="UTF-8"?>
<testng-results ignored="0" total="1" passed="1" failed="0" skipped="0">
  <reporter-output>
  </reporter-output>
  <suite started-at="2023-08-29T22:00:15Z" name="Suite" finished-at="2023-08-29T22:00:30Z" duration-ms="14306">
    <groups>
    </groups>
    <test started-at="2023-08-29T22:00:15Z" name="Test" finished-at="2023-08-29T22:00:30Z" duration-ms="14306">
      <class name="testcases.AfterSignInPageTest">
        <test-method is-config="true" signature="beforeMethod()[pri:0, instance:testcases.AfterSignInPageTest@71e693fa]" started-at="2023-08-29T22:00:15Z" name="beforeMethod" finished-at="2023-08-29T22:00:23Z" duration-ms="7457" status="PASS">
          <reporter-output>
          </reporter-output>
        </test-method> <!-- beforeMethod -->
        <test-method signature="contacts()[pri:2, instance:testcases.AfterSignInPageTest@71e693fa]" started-at="2023-08-29T22:00:23Z" name="contacts" finished-at="2023-08-29T22:00:29Z" duration-ms="6256" status="PASS">
          <reporter-output>
          </reporter-output>
        </test-method> <!-- contacts -->
        <test-method is-config="true" signature="afterMethod()[pri:0, instance:testcases.AfterSignInPageTest@71e693fa]" started-at="2023-08-29T22:00:29Z" name="afterMethod" finished-at="2023-08-29T22:00:30Z" duration-ms="483" status="PASS">
          <reporter-output>
          </reporter-output>
        </test-method> <!-- afterMethod -->
      </class> <!-- testcases.AfterSignInPageTest -->
    </test> <!-- Test -->
  </suite> <!-- Suite -->
</testng-results>
