<?xml version="1.0" encoding="UTF-8"?>
<!-- Generated by org.testng.reporters.JUnitReportReporter -->
<testsuite skipped="0" hostname="Pratik" name="testcases.HomePageTest" tests="3" failures="0" timestamp="2023-05-02T18:30:07 EDT" time="48.177" errors="0">
  <testcase name="signUpPage" time="21.318" classname="testcases.HomePageTest"/>
  <testcase name="openCRMInsurance" time="12.434" classname="testcases.HomePageTest"/>
  <testcase name="openLoginPage" time="14.425" classname="testcases.HomePageTest"/>
</testsuite> <!-- testcases.HomePageTest -->
