<?xml version="1.0" encoding="UTF-8"?>
<!-- Generated by org.testng.reporters.JUnitReportReporter -->
<testsuite hostname="Pratik" failures="0" tests="3" name="testcases.HomePageTest" time="56.588" errors="0" timestamp="03 May 2023 10:11:10 GMT" skipped="0">
  <testcase classname="testcases.HomePageTest" name="signUpPage" time="21.295"/>
  <testcase classname="testcases.HomePageTest" name="openCRMInsurance" time="16.415"/>
  <testcase classname="testcases.HomePageTest" name="openLoginPage" time="18.878"/>
</testsuite> <!-- testcases.HomePageTest -->
